<?xml version="1.0" encoding="UTF-8"?>
<!-- Generated by org.testng.reporters.JUnitXMLReporter -->
<testsuite ignored="5" hostname="DESKTOP-K8P4MC5" failures="0" tests="4" name="Test" time="0.177" errors="0" timestamp="2024-01-24T11:50:50 IST">
  <testcase classname="practice.DemoTest" name="m1" time="0.016"/>
  <testcase classname="practice.DemoTest" name="m3" time="0.006"/>
  <testcase classname="practice.Demo3Test" name="m5" time="0.003"/>
  <testcase classname="practice.Demo1Test" name="m5" time="0.008"/>
  <testcase classname="practice.DemoTest" name="m2" time="0.0">
    <ignored/>
  </testcase> <!-- m2 -->
  <testcase classname="practice.Demo1Test" name="m6" time="0.0">
    <ignored/>
  </testcase> <!-- m6 -->
  <testcase classname="practice.Demo3Test" name="m4" time="0.0">
    <ignored/>
  </testcase> <!-- m4 -->
  <testcase classname="practice.Demo1Test" name="m4" time="0.0">
    <ignored/>
  </testcase> <!-- m4 -->
  <testcase classname="practice.Demo3Test" name="m6" time="0.0">
    <ignored/>
  </testcase> <!-- m6 -->
</testsuite> <!-- Test -->
