<?xml version="1.0" encoding="UTF-8"?>
<testng-results ignored="5" total="9" passed="4" failed="0" skipped="0">
  <reporter-output>
  </reporter-output>
  <suite started-at="2024-01-24T11:50:50 IST" name="Suite" finished-at="2024-01-24T11:50:50 IST" duration-ms="177">
    <groups>
      <group name="Regression">
        <method signature="DemoTest.m3()[pri:0, instance:practice.DemoTest@1283bb96]" name="m3" class="practice.DemoTest"/>
      </group> <!-- Regression -->
      <group name="smoke">
        <method signature="Demo1Test.m5()[pri:0, instance:practice.Demo1Test@689604d9]" name="m5" class="practice.Demo1Test"/>
        <method signature="Demo3Test.m5()[pri:0, instance:practice.Demo3Test@35d019a3]" name="m5" class="practice.Demo3Test"/>
        <method signature="DemoTest.m1()[pri:0, instance:practice.DemoTest@1283bb96]" name="m1" class="practice.DemoTest"/>
        <method signature="DemoTest.m3()[pri:0, instance:practice.DemoTest@1283bb96]" name="m3" class="practice.DemoTest"/>
      </group> <!-- smoke -->
    </groups>
    <test started-at="2024-01-24T11:50:50 IST" name="Test" finished-at="2024-01-24T11:50:50 IST" duration-ms="177">
      <class name="practice.Demo3Test">
        <test-method signature="m5()[pri:0, instance:practice.Demo3Test@35d019a3]" started-at="2024-01-24T11:50:50 IST" name="m5" finished-at="2024-01-24T11:50:50 IST" duration-ms="3" status="PASS">
          <reporter-output>
          </reporter-output>
        </test-method> <!-- m5 -->
      </class> <!-- practice.Demo3Test -->
      <class name="practice.DemoTest">
        <test-method signature="m1()[pri:0, instance:practice.DemoTest@1283bb96]" started-at="2024-01-24T11:50:50 IST" name="m1" finished-at="2024-01-24T11:50:50 IST" duration-ms="16" status="PASS">
          <reporter-output>
          </reporter-output>
        </test-method> <!-- m1 -->
        <test-method signature="m3()[pri:0, instance:practice.DemoTest@1283bb96]" started-at="2024-01-24T11:50:50 IST" name="m3" finished-at="2024-01-24T11:50:50 IST" duration-ms="6" status="PASS">
          <reporter-output>
          </reporter-output>
        </test-method> <!-- m3 -->
      </class> <!-- practice.DemoTest -->
      <class name="practice.Demo1Test">
        <test-method signature="m5()[pri:0, instance:practice.Demo1Test@689604d9]" started-at="2024-01-24T11:50:50 IST" name="m5" finished-at="2024-01-24T11:50:50 IST" duration-ms="8" status="PASS">
          <reporter-output>
          </reporter-output>
        </test-method> <!-- m5 -->
      </class> <!-- practice.Demo1Test -->
    </test> <!-- Test -->
  </suite> <!-- Suite -->
</testng-results>
